# JRE version: OpenJDK Runtime Environment (8.0_242-b01) (build 1.8.0_242-release-1644-b01)
# Java VM: OpenJDK 64-Bit Server VM (25.242-b01 mixed mode windows-amd64 compressed oops)
Heap:
 PSYoungGen      total 648704K, used 318257K [0x00000000d5580000, 0x0000000100000000, 0x0000000100000000)
  eden space 598528K, 48% used [0x00000000d5580000,0x00000000e701ba68,0x00000000f9e00000)
  from space 50176K, 57% used [0x00000000fcf00000,0x00000000feb519a0,0x0000000100000000)
  to   space 50176K, 0% used [0x00000000f9e00000,0x00000000f9e00000,0x00000000fcf00000)
 ParOldGen       total 195072K, used 101718K [0x0000000080000000, 0x000000008be80000, 0x00000000d5580000)
  object space 195072K, 52% used [0x0000000080000000,0x0000000086355968,0x000000008be80000)
 Metaspace       used 138672K, capacity 146588K, committed 146856K, reserved 1177600K
  class space    used 17621K, capacity 19031K, committed 19112K, reserved 1048576K
GC Heap History (10 events):
Event: 1612.086 GC heap before
{Heap before GC invocations=55 (full 6):
 PSYoungGen      total 655872K, used 627834K [0x00000000d5580000, 0x00000000ffd80000, 0x0000000100000000)
  eden space 618496K, 100% used [0x00000000d5580000,0x00000000fb180000,0x00000000fb180000)
  from space 37376K, 24% used [0x00000000fd900000,0x00000000fe21ea38,0x00000000ffd80000)
  to   space 38912K, 0% used [0x00000000fb180000,0x00000000fb180000,0x00000000fd780000)
 ParOldGen       total 184832K, used 121024K [0x0000000080000000, 0x000000008b480000, 0x00000000d5580000)
  object space 184832K, 65% used [0x0000000080000000,0x0000000087630110,0x000000008b480000)
 Metaspace       used 100839K, capacity 105948K, committed 106280K, reserved 1142784K
  class space    used 12862K, capacity 13787K, committed 13864K, reserved 1048576K
Event: 1613.040 GC heap after
Heap after GC invocations=55 (full 6):
 PSYoungGen      total 657408K, used 14557K [0x00000000d5580000, 0x00000000ffd80000, 0x0000000100000000)
  eden space 618496K, 0% used [0x00000000d5580000,0x00000000d5580000,0x00000000fb180000)
  from space 38912K, 37% used [0x00000000fb180000,0x00000000fbfb7448,0x00000000fd780000)
  to   space 36864K, 0% used [0x00000000fd980000,0x00000000fd980000,0x00000000ffd80000)
 ParOldGen       total 184832K, used 126123K [0x0000000080000000, 0x000000008b480000, 0x00000000d5580000)
  object space 184832K, 68% used [0x0000000080000000,0x0000000087b2acd0,0x000000008b480000)
 Metaspace       used 100839K, capacity 105948K, committed 106280K, reserved 1142784K
  class space    used 12862K, capacity 13787K, committed 13864K, reserved 1048576K
}
Event: 1650.964 GC heap before
{Heap before GC invocations=56 (full 6):
 PSYoungGen      total 657408K, used 633053K [0x00000000d5580000, 0x00000000ffd80000, 0x0000000100000000)
  eden space 618496K, 100% used [0x00000000d5580000,0x00000000fb180000,0x00000000fb180000)
  from space 38912K, 37% used [0x00000000fb180000,0x00000000fbfb7448,0x00000000fd780000)
  to   space 36864K, 0% used [0x00000000fd980000,0x00000000fd980000,0x00000000ffd80000)
 ParOldGen       total 184832K, used 126123K [0x0000000080000000, 0x000000008b480000, 0x00000000d5580000)
  object space 184832K, 68% used [0x0000000080000000,0x0000000087b2acd0,0x000000008b480000)
 Metaspace       used 124145K, capacity 130168K, committed 130344K, reserved 1163264K
  class space    used 15815K, capacity 16915K, committed 16936K, reserved 1048576K
Event: 1653.737 GC heap after
Heap after GC invocations=56 (full 6):
 PSYoungGen      total 638464K, used 36863K [0x00000000d5580000, 0x0000000100000000, 0x0000000100000000)
  eden space 601600K, 0% used [0x00000000d5580000,0x00000000d5580000,0x00000000fa100000)
  from space 36864K, 99% used [0x00000000fd980000,0x00000000ffd7fd40,0x00000000ffd80000)
  to   space 48640K, 0% used [0x00000000fa100000,0x00000000fa100000,0x00000000fd080000)
 ParOldGen       total 184832K, used 142766K [0x0000000080000000, 0x000000008b480000, 0x00000000d5580000)
  object space 184832K, 77% used [0x0000000080000000,0x0000000088b6bab8,0x000000008b480000)
 Metaspace       used 124145K, capacity 130168K, committed 130344K, reserved 1163264K
  class space    used 15815K, capacity 16915K, committed 16936K, reserved 1048576K
}
Event: 1902.523 GC heap before
{Heap before GC invocations=57 (full 6):
 PSYoungGen      total 638464K, used 638463K [0x00000000d5580000, 0x0000000100000000, 0x0000000100000000)
  eden space 601600K, 100% used [0x00000000d5580000,0x00000000fa100000,0x00000000fa100000)
  from space 36864K, 99% used [0x00000000fd980000,0x00000000ffd7fd40,0x00000000ffd80000)
  to   space 48640K, 0% used [0x00000000fa100000,0x00000000fa100000,0x00000000fd080000)
 ParOldGen       total 184832K, used 142766K [0x0000000080000000, 0x000000008b480000, 0x00000000d5580000)
  object space 184832K, 77% used [0x0000000080000000,0x0000000088b6bab8,0x000000008b480000)
 Metaspace       used 135971K, capacity 143404K, committed 143656K, reserved 1173504K
  class space    used 17395K, capacity 18707K, committed 18728K, reserved 1048576K
Event: 1903.394 GC heap after
Heap after GC invocations=57 (full 6):
 PSYoungGen      total 632832K, used 31129K [0x00000000d5580000, 0x0000000100000000, 0x0000000100000000)
  eden space 601600K, 0% used [0x00000000d5580000,0x00000000d5580000,0x00000000fa100000)
  from space 31232K, 99% used [0x00000000fa100000,0x00000000fbf66490,0x00000000fbf80000)
  to   space 50176K, 0% used [0x00000000fcf00000,0x00000000fcf00000,0x0000000100000000)
 ParOldGen       total 184832K, used 161908K [0x0000000080000000, 0x000000008b480000, 0x00000000d5580000)
  object space 184832K, 87% used [0x0000000080000000,0x0000000089e1d228,0x000000008b480000)
 Metaspace       used 135971K, capacity 143404K, committed 143656K, reserved 1173504K
  class space    used 17395K, capacity 18707K, committed 18728K, reserved 1048576K
}
Event: 1903.394 GC heap before
{Heap before GC invocations=58 (full 7):
 PSYoungGen      total 632832K, used 31129K [0x00000000d5580000, 0x0000000100000000, 0x0000000100000000)
  eden space 601600K, 0% used [0x00000000d5580000,0x00000000d5580000,0x00000000fa100000)
  from space 31232K, 99% used [0x00000000fa100000,0x00000000fbf66490,0x00000000fbf80000)
  to   space 50176K, 0% used [0x00000000fcf00000,0x00000000fcf00000,0x0000000100000000)
 ParOldGen       total 184832K, used 161908K [0x0000000080000000, 0x000000008b480000, 0x00000000d5580000)
  object space 184832K, 87% used [0x0000000080000000,0x0000000089e1d228,0x000000008b480000)
 Metaspace       used 135971K, capacity 143404K, committed 143656K, reserved 1173504K
  class space    used 17395K, capacity 18707K, committed 18728K, reserved 1048576K
Event: 1906.277 GC heap after
Heap after GC invocations=58 (full 7):
 PSYoungGen      total 632832K, used 0K [0x00000000d5580000, 0x0000000100000000, 0x0000000100000000)
  eden space 601600K, 0% used [0x00000000d5580000,0x00000000d5580000,0x00000000fa100000)
  from space 31232K, 0% used [0x00000000fa100000,0x00000000fa100000,0x00000000fbf80000)
  to   space 50176K, 0% used [0x00000000fcf00000,0x00000000fcf00000,0x0000000100000000)
 ParOldGen       total 195072K, used 101710K [0x0000000080000000, 0x000000008be80000, 0x00000000d5580000)
  object space 195072K, 52% used [0x0000000080000000,0x0000000086353968,0x000000008be80000)
 Metaspace       used 135808K, capacity 142938K, committed 143656K, reserved 1173504K
  class space    used 17341K, capacity 18612K, committed 18728K, reserved 1048576K
}
Event: 3517.638 GC heap before
{Heap before GC invocations=59 (full 7):
 PSYoungGen      total 632832K, used 601592K [0x00000000d5580000, 0x0000000100000000, 0x0000000100000000)
  eden space 601600K, 99% used [0x00000000d5580000,0x00000000fa0fe0b0,0x00000000fa100000)
  from space 31232K, 0% used [0x00000000fa100000,0x00000000fa100000,0x00000000fbf80000)
  to   space 50176K, 0% used [0x00000000fcf00000,0x00000000fcf00000,0x0000000100000000)
 ParOldGen       total 195072K, used 101710K [0x0000000080000000, 0x000000008be80000, 0x00000000d5580000)
  object space 195072K, 52% used [0x0000000080000000,0x0000000086353968,0x000000008be80000)
 Metaspace       used 138269K, capacity 146194K, committed 146344K, reserved 1177600K
  class space    used 17612K, capacity 19022K, committed 19112K, reserved 1048576K
Event: 3519.134 GC heap after
Heap after GC invocations=59 (full 7):
 PSYoungGen      total 648704K, used 28998K [0x00000000d5580000, 0x0000000100000000, 0x0000000100000000)
  eden space 598528K, 0% used [0x00000000d5580000,0x00000000d5580000,0x00000000f9e00000)
  from space 50176K, 57% used [0x00000000fcf00000,0x00000000feb519a0,0x0000000100000000)
  to   space 50176K, 0% used [0x00000000f9e00000,0x00000000f9e00000,0x00000000fcf00000)
 ParOldGen       total 195072K, used 101718K [0x0000000080000000, 0x000000008be80000, 0x00000000d5580000)
  object space 195072K, 52% used [0x0000000080000000,0x0000000086355968,0x000000008be80000)
 Metaspace       used 138269K, capacity 146194K, committed 146344K, reserved 1177600K
  class space    used 17612K, capacity 19022K, committed 19112K, reserved 1048576K
}

